<?xml version="1.0" encoding="UTF-8"?>
<testng-results ignored="0" total="1" passed="1" failed="0" skipped="0">
  <reporter-output>
  </reporter-output>
  <suite started-at="2022-12-21T15:47:32 IST" name="Default suite" finished-at="2022-12-21T15:47:32 IST" duration-ms="88">
    <groups>
    </groups>
    <test started-at="2022-12-21T15:47:32 IST" name="Default test" finished-at="2022-12-21T15:47:32 IST" duration-ms="88">
      <class name="practice_Jenkins.Practice_Test">
        <test-method signature="test()[pri:0, instance:practice_Jenkins.Practice_Test@4da4253]" started-at="2022-12-21T15:47:32 IST" name="test" finished-at="2022-12-21T15:47:32 IST" duration-ms="22" status="PASS">
          <reporter-output>
          </reporter-output>
        </test-method> <!-- test -->
      </class> <!-- practice_Jenkins.Practice_Test -->
    </test> <!-- Default test -->
  </suite> <!-- Default suite -->
</testng-results>
